info it worked if it ends with ok
verbose cli [ 'node', '/usr/local/bin/npm', 'install' ]
info using npm@1.1.0-alpha-2
info using node@v0.6.3
verbose config file /Users/timbranyen/.npmrc
verbose config file /usr/local/etc/npmrc
verbose config file /usr/local/lib/node_modules/npm/npmrc
ERR! Couldn't read dependencies.
ERR! Error: ENOENT, no such file or directory '/Users/timbranyen/git/tbranyen.com/package.json'
ERR! Report this *entire* log at:
ERR!     <http://github.com/isaacs/npm/issues>
ERR! or email it to:
ERR!     <npm-@googlegroups.com>
ERR! 
ERR! System Darwin 11.2.0
ERR! command "node" "/usr/local/bin/npm" "install"
ERR! cwd /Users/timbranyen/git/tbranyen.com
ERR! node -v v0.6.3
ERR! npm -v 1.1.0-alpha-2
ERR! path /Users/timbranyen/git/tbranyen.com/package.json
ERR! code ENOENT
ERR! message ENOENT, no such file or directory '/Users/timbranyen/git/tbranyen.com/package.json'
verbose exit [ 1, true ]
